\BOOKMARK [1][-]{section.1}{Introduction}{}% 1
\BOOKMARK [1][-]{section.2}{Background}{}% 2
\BOOKMARK [2][-]{subsection.2.1}{Memory Faults}{section.2}% 3
\BOOKMARK [2][-]{subsection.2.2}{Sorting Algorithms}{section.2}% 4
\BOOKMARK [3][-]{subsubsection.2.2.1}{Quicksort}{subsection.2.2}% 5
\BOOKMARK [3][-]{subsubsection.2.2.2}{Mergesort}{subsection.2.2}% 6
\BOOKMARK [3][-]{subsubsection.2.2.3}{Insertionsort}{subsection.2.2}% 7
\BOOKMARK [3][-]{subsubsection.2.2.4}{Bubblesort}{subsection.2.2}% 8
\BOOKMARK [1][-]{section.3}{Experimental Setup}{}% 9
\BOOKMARK [2][-]{subsection.3.1}{Problem Statement}{section.3}% 10
\BOOKMARK [2][-]{subsection.3.2}{Variables}{section.3}% 11
\BOOKMARK [2][-]{subsection.3.3}{Hypothesis}{section.3}% 12
\BOOKMARK [2][-]{subsection.3.4}{Dataset}{section.3}% 13
\BOOKMARK [1][-]{section.4}{Data Analysis}{}% 14
\BOOKMARK [2][-]{subsection.4.1}{Exploratory Data Analysis \(EDA\)}{section.4}% 15
\BOOKMARK [2][-]{subsection.4.2}{Dependent Variables Normality}{section.4}% 16
\BOOKMARK [2][-]{subsection.4.3}{Hypothesis Testing}{section.4}% 17
\BOOKMARK [3][-]{subsubsection.4.3.1}{Testing Hypothesis 1}{subsection.4.3}% 18
\BOOKMARK [3][-]{subsubsection.4.3.2}{Testing Hypothesis 3}{subsection.4.3}% 19
\BOOKMARK [2][-]{subsection.4.4}{Performance analysis related to percentage of unordered elements quantity variable}{section.4}% 20
\BOOKMARK [1][-]{section.5}{Linear Regression}{}% 21
\BOOKMARK [1][-]{section.6}{Conclusion}{}% 22
\BOOKMARK [1][-]{section*.29}{References}{}% 23
